  App.cpp
C:\Users\33652\Projet\Pignat\EncapsulationGDI-SFML\src\GDISFML\App.cpp(154,19): warning C4244: '=' : conversion de 'int' en 'float', perte possible de données
  (compiler le fichier source '/src/GDISFML/App.cpp')
  
C:\Users\33652\Projet\Pignat\EncapsulationGDI-SFML\src\GDISFML\App.cpp(158,23): warning C4244: 'initialisation' : conversion de 'ULONGLONG' en 'DWORD', perte possible de données
  (compiler le fichier source '/src/GDISFML/App.cpp')
  
C:\Users\33652\Projet\Pignat\EncapsulationGDI-SFML\src\GDISFML\App.cpp(159,31): warning C4244: '=' : conversion de 'unsigned long' en 'float', perte possible de données
  (compiler le fichier source '/src/GDISFML/App.cpp')
  
  Behaviour.cpp
C:\Users\33652\Projet\Pignat\EncapsulationGDI-SFML\SFML-2.6.1\include\SFML\Graphics\Rect.inl(81,19): error C2589: '(' : jeton non conforme à droite de '::'
  (compiler le fichier source '/src/GDISFML/Behaviour.cpp')
  
C:\Users\33652\Projet\Pignat\EncapsulationGDI-SFML\SFML-2.6.1\include\SFML\Graphics\Rect.inl(81,19): error C2760: erreur de syntaxe : ')' était inattendu ici; ';' attendu
  (compiler le fichier source '/src/GDISFML/Behaviour.cpp')
  
C:\Users\33652\Projet\Pignat\EncapsulationGDI-SFML\SFML-2.6.1\include\SFML\Graphics\Rect.inl(81,19): error C3878: erreur de syntaxe : jeton inattendu ')' après 'expression_statement'
  (compiler le fichier source '/src/GDISFML/Behaviour.cpp')
  
C:\Users\33652\Projet\Pignat\EncapsulationGDI-SFML\SFML-2.6.1\include\SFML\Graphics\Rect.inl(81,19): message : erreur de récupération ignorée : « ) »
  (compiler le fichier source '/src/GDISFML/Behaviour.cpp')
  
C:\Users\33652\Projet\Pignat\EncapsulationGDI-SFML\SFML-2.6.1\include\SFML\Graphics\Rect.inl(82,19): error C2589: '(' : jeton non conforme à droite de '::'
  (compiler le fichier source '/src/GDISFML/Behaviour.cpp')
  
C:\Users\33652\Projet\Pignat\EncapsulationGDI-SFML\SFML-2.6.1\include\SFML\Graphics\Rect.inl(82,19): error C2760: erreur de syntaxe : ')' était inattendu ici; ';' attendu
  (compiler le fichier source '/src/GDISFML/Behaviour.cpp')
  
C:\Users\33652\Projet\Pignat\EncapsulationGDI-SFML\SFML-2.6.1\include\SFML\Graphics\Rect.inl(82,19): error C3878: erreur de syntaxe : jeton inattendu ')' après 'expression_statement'
  (compiler le fichier source '/src/GDISFML/Behaviour.cpp')
  
C:\Users\33652\Projet\Pignat\EncapsulationGDI-SFML\SFML-2.6.1\include\SFML\Graphics\Rect.inl(82,19): message : erreur de récupération ignorée : « ) »
  (compiler le fichier source '/src/GDISFML/Behaviour.cpp')
  
C:\Users\33652\Projet\Pignat\EncapsulationGDI-SFML\SFML-2.6.1\include\SFML\Graphics\Rect.inl(83,19): error C2589: '(' : jeton non conforme à droite de '::'
  (compiler le fichier source '/src/GDISFML/Behaviour.cpp')
  
C:\Users\33652\Projet\Pignat\EncapsulationGDI-SFML\SFML-2.6.1\include\SFML\Graphics\Rect.inl(83,19): error C2760: erreur de syntaxe : ')' était inattendu ici; ';' attendu
  (compiler le fichier source '/src/GDISFML/Behaviour.cpp')
  
C:\Users\33652\Projet\Pignat\EncapsulationGDI-SFML\SFML-2.6.1\include\SFML\Graphics\Rect.inl(83,19): error C3878: erreur de syntaxe : jeton inattendu ')' après 'expression_statement'
  (compiler le fichier source '/src/GDISFML/Behaviour.cpp')
  
C:\Users\33652\Projet\Pignat\EncapsulationGDI-SFML\SFML-2.6.1\include\SFML\Graphics\Rect.inl(83,19): message : erreur de récupération ignorée : « ) »
  (compiler le fichier source '/src/GDISFML/Behaviour.cpp')
  
C:\Users\33652\Projet\Pignat\EncapsulationGDI-SFML\SFML-2.6.1\include\SFML\Graphics\Rect.inl(84,19): error C2589: '(' : jeton non conforme à droite de '::'
  (compiler le fichier source '/src/GDISFML/Behaviour.cpp')
  
C:\Users\33652\Projet\Pignat\EncapsulationGDI-SFML\SFML-2.6.1\include\SFML\Graphics\Rect.inl(84,19): error C2760: erreur de syntaxe : ')' était inattendu ici; ';' attendu
  (compiler le fichier source '/src/GDISFML/Behaviour.cpp')
  
C:\Users\33652\Projet\Pignat\EncapsulationGDI-SFML\SFML-2.6.1\include\SFML\Graphics\Rect.inl(84,19): error C3878: erreur de syntaxe : jeton inattendu ')' après 'expression_statement'
  (compiler le fichier source '/src/GDISFML/Behaviour.cpp')
  
C:\Users\33652\Projet\Pignat\EncapsulationGDI-SFML\SFML-2.6.1\include\SFML\Graphics\Rect.inl(84,19): message : erreur de récupération ignorée : « ) »
  (compiler le fichier source '/src/GDISFML/Behaviour.cpp')
  
C:\Users\33652\Projet\Pignat\EncapsulationGDI-SFML\SFML-2.6.1\include\SFML\Graphics\Rect.inl(114,21): error C2589: '(' : jeton non conforme à droite de '::'
  (compiler le fichier source '/src/GDISFML/Behaviour.cpp')
  
C:\Users\33652\Projet\Pignat\EncapsulationGDI-SFML\SFML-2.6.1\include\SFML\Graphics\Rect.inl(114,21): error C2760: erreur de syntaxe : ')' était inattendu ici; ';' attendu
  (compiler le fichier source '/src/GDISFML/Behaviour.cpp')
  
C:\Users\33652\Projet\Pignat\EncapsulationGDI-SFML\SFML-2.6.1\include\SFML\Graphics\Rect.inl(114,21): error C3878: erreur de syntaxe : jeton inattendu ')' après 'expression_statement'
  (compiler le fichier source '/src/GDISFML/Behaviour.cpp')
  
C:\Users\33652\Projet\Pignat\EncapsulationGDI-SFML\SFML-2.6.1\include\SFML\Graphics\Rect.inl(114,21): message : erreur de récupération ignorée : « ) »
  (compiler le fichier source '/src/GDISFML/Behaviour.cpp')
  
C:\Users\33652\Projet\Pignat\EncapsulationGDI-SFML\SFML-2.6.1\include\SFML\Graphics\Rect.inl(115,21): error C2589: '(' : jeton non conforme à droite de '::'
  (compiler le fichier source '/src/GDISFML/Behaviour.cpp')
  
C:\Users\33652\Projet\Pignat\EncapsulationGDI-SFML\SFML-2.6.1\include\SFML\Graphics\Rect.inl(115,21): error C2760: erreur de syntaxe : ')' était inattendu ici; ';' attendu
  (compiler le fichier source '/src/GDISFML/Behaviour.cpp')
  
C:\Users\33652\Projet\Pignat\EncapsulationGDI-SFML\SFML-2.6.1\include\SFML\Graphics\Rect.inl(115,21): error C3878: erreur de syntaxe : jeton inattendu ')' après 'expression_statement'
  (compiler le fichier source '/src/GDISFML/Behaviour.cpp')
  
C:\Users\33652\Projet\Pignat\EncapsulationGDI-SFML\SFML-2.6.1\include\SFML\Graphics\Rect.inl(115,21): message : erreur de récupération ignorée : « ) »
  (compiler le fichier source '/src/GDISFML/Behaviour.cpp')
  
C:\Users\33652\Projet\Pignat\EncapsulationGDI-SFML\SFML-2.6.1\include\SFML\Graphics\Rect.inl(116,21): error C2589: '(' : jeton non conforme à droite de '::'
  (compiler le fichier source '/src/GDISFML/Behaviour.cpp')
  
C:\Users\33652\Projet\Pignat\EncapsulationGDI-SFML\SFML-2.6.1\include\SFML\Graphics\Rect.inl(116,21): error C2760: erreur de syntaxe : ')' était inattendu ici; ';' attendu
  (compiler le fichier source '/src/GDISFML/Behaviour.cpp')
  
C:\Users\33652\Projet\Pignat\EncapsulationGDI-SFML\SFML-2.6.1\include\SFML\Graphics\Rect.inl(116,21): error C3878: erreur de syntaxe : jeton inattendu ')' après 'expression_statement'
  (compiler le fichier source '/src/GDISFML/Behaviour.cpp')
  
C:\Users\33652\Projet\Pignat\EncapsulationGDI-SFML\SFML-2.6.1\include\SFML\Graphics\Rect.inl(116,21): message : erreur de récupération ignorée : « ) »
  (compiler le fichier source '/src/GDISFML/Behaviour.cpp')
  
C:\Users\33652\Projet\Pignat\EncapsulationGDI-SFML\SFML-2.6.1\include\SFML\Graphics\Rect.inl(117,21): error C2589: '(' : jeton non conforme à droite de '::'
  (compiler le fichier source '/src/GDISFML/Behaviour.cpp')
  
C:\Users\33652\Projet\Pignat\EncapsulationGDI-SFML\SFML-2.6.1\include\SFML\Graphics\Rect.inl(117,21): error C2760: erreur de syntaxe : ')' était inattendu ici; ';' attendu
  (compiler le fichier source '/src/GDISFML/Behaviour.cpp')
  
C:\Users\33652\Projet\Pignat\EncapsulationGDI-SFML\SFML-2.6.1\include\SFML\Graphics\Rect.inl(117,21): error C3878: erreur de syntaxe : jeton inattendu ')' après 'expression_statement'
  (compiler le fichier source '/src/GDISFML/Behaviour.cpp')
  
C:\Users\33652\Projet\Pignat\EncapsulationGDI-SFML\SFML-2.6.1\include\SFML\Graphics\Rect.inl(117,21): message : erreur de récupération ignorée : « ) »
  (compiler le fichier source '/src/GDISFML/Behaviour.cpp')
  
C:\Users\33652\Projet\Pignat\EncapsulationGDI-SFML\SFML-2.6.1\include\SFML\Graphics\Rect.inl(120,21): error C2589: '(' : jeton non conforme à droite de '::'
  (compiler le fichier source '/src/GDISFML/Behaviour.cpp')
  
C:\Users\33652\Projet\Pignat\EncapsulationGDI-SFML\SFML-2.6.1\include\SFML\Graphics\Rect.inl(120,21): error C2760: erreur de syntaxe : ')' était inattendu ici; ';' attendu
  (compiler le fichier source '/src/GDISFML/Behaviour.cpp')
  
C:\Users\33652\Projet\Pignat\EncapsulationGDI-SFML\SFML-2.6.1\include\SFML\Graphics\Rect.inl(120,21): error C3878: erreur de syntaxe : jeton inattendu ')' après 'expression_statement'
  (compiler le fichier source '/src/GDISFML/Behaviour.cpp')
  
C:\Users\33652\Projet\Pignat\EncapsulationGDI-SFML\SFML-2.6.1\include\SFML\Graphics\Rect.inl(120,21): message : erreur de récupération ignorée : « ) »
  (compiler le fichier source '/src/GDISFML/Behaviour.cpp')
  
C:\Users\33652\Projet\Pignat\EncapsulationGDI-SFML\SFML-2.6.1\include\SFML\Graphics\Rect.inl(121,21): error C2589: '(' : jeton non conforme à droite de '::'
  (compiler le fichier source '/src/GDISFML/Behaviour.cpp')
  
C:\Users\33652\Projet\Pignat\EncapsulationGDI-SFML\SFML-2.6.1\include\SFML\Graphics\Rect.inl(121,21): error C2760: erreur de syntaxe : ')' était inattendu ici; ';' attendu
  (compiler le fichier source '/src/GDISFML/Behaviour.cpp')
  
C:\Users\33652\Projet\Pignat\EncapsulationGDI-SFML\SFML-2.6.1\include\SFML\Graphics\Rect.inl(121,21): error C3878: erreur de syntaxe : jeton inattendu ')' après 'expression_statement'
  (compiler le fichier source '/src/GDISFML/Behaviour.cpp')
  
C:\Users\33652\Projet\Pignat\EncapsulationGDI-SFML\SFML-2.6.1\include\SFML\Graphics\Rect.inl(121,21): message : erreur de récupération ignorée : « ) »
  (compiler le fichier source '/src/GDISFML/Behaviour.cpp')
  
C:\Users\33652\Projet\Pignat\EncapsulationGDI-SFML\SFML-2.6.1\include\SFML\Graphics\Rect.inl(122,21): error C2589: '(' : jeton non conforme à droite de '::'
  (compiler le fichier source '/src/GDISFML/Behaviour.cpp')
  
C:\Users\33652\Projet\Pignat\EncapsulationGDI-SFML\SFML-2.6.1\include\SFML\Graphics\Rect.inl(122,21): error C2760: erreur de syntaxe : ')' était inattendu ici; ';' attendu
  (compiler le fichier source '/src/GDISFML/Behaviour.cpp')
  
C:\Users\33652\Projet\Pignat\EncapsulationGDI-SFML\SFML-2.6.1\include\SFML\Graphics\Rect.inl(122,21): error C3878: erreur de syntaxe : jeton inattendu ')' après 'expression_statement'
  (compiler le fichier source '/src/GDISFML/Behaviour.cpp')
  
C:\Users\33652\Projet\Pignat\EncapsulationGDI-SFML\SFML-2.6.1\include\SFML\Graphics\Rect.inl(122,21): message : erreur de récupération ignorée : « ) »
  (compiler le fichier source '/src/GDISFML/Behaviour.cpp')
  
C:\Users\33652\Projet\Pignat\EncapsulationGDI-SFML\SFML-2.6.1\include\SFML\Graphics\Rect.inl(123,21): error C2589: '(' : jeton non conforme à droite de '::'
  (compiler le fichier source '/src/GDISFML/Behaviour.cpp')
  
C:\Users\33652\Projet\Pignat\EncapsulationGDI-SFML\SFML-2.6.1\include\SFML\Graphics\Rect.inl(123,21): error C2760: erreur de syntaxe : ')' était inattendu ici; ';' attendu
  (compiler le fichier source '/src/GDISFML/Behaviour.cpp')
  
C:\Users\33652\Projet\Pignat\EncapsulationGDI-SFML\SFML-2.6.1\include\SFML\Graphics\Rect.inl(123,21): error C3878: erreur de syntaxe : jeton inattendu ')' après 'expression_statement'
  (compiler le fichier source '/src/GDISFML/Behaviour.cpp')
  
C:\Users\33652\Projet\Pignat\EncapsulationGDI-SFML\SFML-2.6.1\include\SFML\Graphics\Rect.inl(123,21): message : erreur de récupération ignorée : « ) »
  (compiler le fichier source '/src/GDISFML/Behaviour.cpp')
  
C:\Users\33652\Projet\Pignat\EncapsulationGDI-SFML\SFML-2.6.1\include\SFML\Graphics\Rect.inl(126,26): error C2589: '(' : jeton non conforme à droite de '::'
  (compiler le fichier source '/src/GDISFML/Behaviour.cpp')
  
C:\Users\33652\Projet\Pignat\EncapsulationGDI-SFML\SFML-2.6.1\include\SFML\Graphics\Rect.inl(126,26): error C2760: erreur de syntaxe : ')' était inattendu ici; ';' attendu
  (compiler le fichier source '/src/GDISFML/Behaviour.cpp')
  
C:\Users\33652\Projet\Pignat\EncapsulationGDI-SFML\SFML-2.6.1\include\SFML\Graphics\Rect.inl(126,26): error C3878: erreur de syntaxe : jeton inattendu ')' après 'expression_statement'
  (compiler le fichier source '/src/GDISFML/Behaviour.cpp')
  
C:\Users\33652\Projet\Pignat\EncapsulationGDI-SFML\SFML-2.6.1\include\SFML\Graphics\Rect.inl(126,26): message : erreur de récupération ignorée : « ) »
  (compiler le fichier source '/src/GDISFML/Behaviour.cpp')
  
C:\Users\33652\Projet\Pignat\EncapsulationGDI-SFML\SFML-2.6.1\include\SFML\Graphics\Rect.inl(127,26): error C2589: '(' : jeton non conforme à droite de '::'
  (compiler le fichier source '/src/GDISFML/Behaviour.cpp')
  
C:\Users\33652\Projet\Pignat\EncapsulationGDI-SFML\SFML-2.6.1\include\SFML\Graphics\Rect.inl(127,26): error C2760: erreur de syntaxe : ')' était inattendu ici; ';' attendu
  (compiler le fichier source '/src/GDISFML/Behaviour.cpp')
  
C:\Users\33652\Projet\Pignat\EncapsulationGDI-SFML\SFML-2.6.1\include\SFML\Graphics\Rect.inl(127,26): error C3878: erreur de syntaxe : jeton inattendu ')' après 'expression_statement'
  (compiler le fichier source '/src/GDISFML/Behaviour.cpp')
  
C:\Users\33652\Projet\Pignat\EncapsulationGDI-SFML\SFML-2.6.1\include\SFML\Graphics\Rect.inl(127,26): message : erreur de récupération ignorée : « ) »
  (compiler le fichier source '/src/GDISFML/Behaviour.cpp')
  
C:\Users\33652\Projet\Pignat\EncapsulationGDI-SFML\SFML-2.6.1\include\SFML\Graphics\Rect.inl(128,26): error C2589: '(' : jeton non conforme à droite de '::'
  (compiler le fichier source '/src/GDISFML/Behaviour.cpp')
  
C:\Users\33652\Projet\Pignat\EncapsulationGDI-SFML\SFML-2.6.1\include\SFML\Graphics\Rect.inl(128,26): error C2760: erreur de syntaxe : ')' était inattendu ici; ';' attendu
  (compiler le fichier source '/src/GDISFML/Behaviour.cpp')
  
C:\Users\33652\Projet\Pignat\EncapsulationGDI-SFML\SFML-2.6.1\include\SFML\Graphics\Rect.inl(128,26): error C3878: erreur de syntaxe : jeton inattendu ')' après 'expression_statement'
  (compiler le fichier source '/src/GDISFML/Behaviour.cpp')
  
C:\Users\33652\Projet\Pignat\EncapsulationGDI-SFML\SFML-2.6.1\include\SFML\Graphics\Rect.inl(128,26): message : erreur de récupération ignorée : « ) »
  (compiler le fichier source '/src/GDISFML/Behaviour.cpp')
  
C:\Users\33652\Projet\Pignat\EncapsulationGDI-SFML\SFML-2.6.1\include\SFML\Graphics\Rect.inl(129,26): error C2589: '(' : jeton non conforme à droite de '::'
  (compiler le fichier source '/src/GDISFML/Behaviour.cpp')
  
C:\Users\33652\Projet\Pignat\EncapsulationGDI-SFML\SFML-2.6.1\include\SFML\Graphics\Rect.inl(129,26): error C2760: erreur de syntaxe : ')' était inattendu ici; ';' attendu
  (compiler le fichier source '/src/GDISFML/Behaviour.cpp')
  
C:\Users\33652\Projet\Pignat\EncapsulationGDI-SFML\SFML-2.6.1\include\SFML\Graphics\Rect.inl(129,26): error C3878: erreur de syntaxe : jeton inattendu ')' après 'expression_statement'
  (compiler le fichier source '/src/GDISFML/Behaviour.cpp')
  
C:\Users\33652\Projet\Pignat\EncapsulationGDI-SFML\SFML-2.6.1\include\SFML\Graphics\Rect.inl(129,26): message : erreur de récupération ignorée : « ) »
  (compiler le fichier source '/src/GDISFML/Behaviour.cpp')
  
  BitmapTexture.cpp
  main.cpp
C:\Users\33652\Projet\Pignat\EncapsulationGDI-SFML\SFML-2.6.1\include\SFML\Graphics\Rect.inl(81,19): error C2589: '(' : jeton non conforme à droite de '::'
  (compiler le fichier source '/src/GDISFML/main.cpp')
  
C:\Users\33652\Projet\Pignat\EncapsulationGDI-SFML\SFML-2.6.1\include\SFML\Graphics\Rect.inl(81,19): error C2760: erreur de syntaxe : ')' était inattendu ici; ';' attendu
  (compiler le fichier source '/src/GDISFML/main.cpp')
  
C:\Users\33652\Projet\Pignat\EncapsulationGDI-SFML\SFML-2.6.1\include\SFML\Graphics\Rect.inl(81,19): error C3878: erreur de syntaxe : jeton inattendu ')' après 'expression_statement'
  (compiler le fichier source '/src/GDISFML/main.cpp')
  
C:\Users\33652\Projet\Pignat\EncapsulationGDI-SFML\SFML-2.6.1\include\SFML\Graphics\Rect.inl(81,19): message : erreur de récupération ignorée : « ) »
  (compiler le fichier source '/src/GDISFML/main.cpp')
  
C:\Users\33652\Projet\Pignat\EncapsulationGDI-SFML\SFML-2.6.1\include\SFML\Graphics\Rect.inl(82,19): error C2589: '(' : jeton non conforme à droite de '::'
  (compiler le fichier source '/src/GDISFML/main.cpp')
  
C:\Users\33652\Projet\Pignat\EncapsulationGDI-SFML\SFML-2.6.1\include\SFML\Graphics\Rect.inl(82,19): error C2760: erreur de syntaxe : ')' était inattendu ici; ';' attendu
  (compiler le fichier source '/src/GDISFML/main.cpp')
  
C:\Users\33652\Projet\Pignat\EncapsulationGDI-SFML\SFML-2.6.1\include\SFML\Graphics\Rect.inl(82,19): error C3878: erreur de syntaxe : jeton inattendu ')' après 'expression_statement'
  (compiler le fichier source '/src/GDISFML/main.cpp')
  
C:\Users\33652\Projet\Pignat\EncapsulationGDI-SFML\SFML-2.6.1\include\SFML\Graphics\Rect.inl(82,19): message : erreur de récupération ignorée : « ) »
  (compiler le fichier source '/src/GDISFML/main.cpp')
  
C:\Users\33652\Projet\Pignat\EncapsulationGDI-SFML\SFML-2.6.1\include\SFML\Graphics\Rect.inl(83,19): error C2589: '(' : jeton non conforme à droite de '::'
  (compiler le fichier source '/src/GDISFML/main.cpp')
  
C:\Users\33652\Projet\Pignat\EncapsulationGDI-SFML\SFML-2.6.1\include\SFML\Graphics\Rect.inl(83,19): error C2760: erreur de syntaxe : ')' était inattendu ici; ';' attendu
  (compiler le fichier source '/src/GDISFML/main.cpp')
  
C:\Users\33652\Projet\Pignat\EncapsulationGDI-SFML\SFML-2.6.1\include\SFML\Graphics\Rect.inl(83,19): error C3878: erreur de syntaxe : jeton inattendu ')' après 'expression_statement'
  (compiler le fichier source '/src/GDISFML/main.cpp')
  
C:\Users\33652\Projet\Pignat\EncapsulationGDI-SFML\SFML-2.6.1\include\SFML\Graphics\Rect.inl(83,19): message : erreur de récupération ignorée : « ) »
  (compiler le fichier source '/src/GDISFML/main.cpp')
  
C:\Users\33652\Projet\Pignat\EncapsulationGDI-SFML\SFML-2.6.1\include\SFML\Graphics\Rect.inl(84,19): error C2589: '(' : jeton non conforme à droite de '::'
  (compiler le fichier source '/src/GDISFML/main.cpp')
  
C:\Users\33652\Projet\Pignat\EncapsulationGDI-SFML\SFML-2.6.1\include\SFML\Graphics\Rect.inl(84,19): error C2760: erreur de syntaxe : ')' était inattendu ici; ';' attendu
  (compiler le fichier source '/src/GDISFML/main.cpp')
  
C:\Users\33652\Projet\Pignat\EncapsulationGDI-SFML\SFML-2.6.1\include\SFML\Graphics\Rect.inl(84,19): error C3878: erreur de syntaxe : jeton inattendu ')' après 'expression_statement'
  (compiler le fichier source '/src/GDISFML/main.cpp')
  
C:\Users\33652\Projet\Pignat\EncapsulationGDI-SFML\SFML-2.6.1\include\SFML\Graphics\Rect.inl(84,19): message : erreur de récupération ignorée : « ) »
  (compiler le fichier source '/src/GDISFML/main.cpp')
  
C:\Users\33652\Projet\Pignat\EncapsulationGDI-SFML\SFML-2.6.1\include\SFML\Graphics\Rect.inl(114,21): error C2589: '(' : jeton non conforme à droite de '::'
  (compiler le fichier source '/src/GDISFML/main.cpp')
  
C:\Users\33652\Projet\Pignat\EncapsulationGDI-SFML\SFML-2.6.1\include\SFML\Graphics\Rect.inl(114,21): error C2760: erreur de syntaxe : ')' était inattendu ici; ';' attendu
  (compiler le fichier source '/src/GDISFML/main.cpp')
  
C:\Users\33652\Projet\Pignat\EncapsulationGDI-SFML\SFML-2.6.1\include\SFML\Graphics\Rect.inl(114,21): error C3878: erreur de syntaxe : jeton inattendu ')' après 'expression_statement'
  (compiler le fichier source '/src/GDISFML/main.cpp')
  
C:\Users\33652\Projet\Pignat\EncapsulationGDI-SFML\SFML-2.6.1\include\SFML\Graphics\Rect.inl(114,21): message : erreur de récupération ignorée : « ) »
  (compiler le fichier source '/src/GDISFML/main.cpp')
  
C:\Users\33652\Projet\Pignat\EncapsulationGDI-SFML\SFML-2.6.1\include\SFML\Graphics\Rect.inl(115,21): error C2589: '(' : jeton non conforme à droite de '::'
  (compiler le fichier source '/src/GDISFML/main.cpp')
  
C:\Users\33652\Projet\Pignat\EncapsulationGDI-SFML\SFML-2.6.1\include\SFML\Graphics\Rect.inl(115,21): error C2760: erreur de syntaxe : ')' était inattendu ici; ';' attendu
  (compiler le fichier source '/src/GDISFML/main.cpp')
  
C:\Users\33652\Projet\Pignat\EncapsulationGDI-SFML\SFML-2.6.1\include\SFML\Graphics\Rect.inl(115,21): error C3878: erreur de syntaxe : jeton inattendu ')' après 'expression_statement'
  (compiler le fichier source '/src/GDISFML/main.cpp')
  
C:\Users\33652\Projet\Pignat\EncapsulationGDI-SFML\SFML-2.6.1\include\SFML\Graphics\Rect.inl(115,21): message : erreur de récupération ignorée : « ) »
  (compiler le fichier source '/src/GDISFML/main.cpp')
  
C:\Users\33652\Projet\Pignat\EncapsulationGDI-SFML\SFML-2.6.1\include\SFML\Graphics\Rect.inl(116,21): error C2589: '(' : jeton non conforme à droite de '::'
  (compiler le fichier source '/src/GDISFML/main.cpp')
  
C:\Users\33652\Projet\Pignat\EncapsulationGDI-SFML\SFML-2.6.1\include\SFML\Graphics\Rect.inl(116,21): error C2760: erreur de syntaxe : ')' était inattendu ici; ';' attendu
  (compiler le fichier source '/src/GDISFML/main.cpp')
  
C:\Users\33652\Projet\Pignat\EncapsulationGDI-SFML\SFML-2.6.1\include\SFML\Graphics\Rect.inl(116,21): error C3878: erreur de syntaxe : jeton inattendu ')' après 'expression_statement'
  (compiler le fichier source '/src/GDISFML/main.cpp')
  
C:\Users\33652\Projet\Pignat\EncapsulationGDI-SFML\SFML-2.6.1\include\SFML\Graphics\Rect.inl(116,21): message : erreur de récupération ignorée : « ) »
  (compiler le fichier source '/src/GDISFML/main.cpp')
  
C:\Users\33652\Projet\Pignat\EncapsulationGDI-SFML\SFML-2.6.1\include\SFML\Graphics\Rect.inl(117,21): error C2589: '(' : jeton non conforme à droite de '::'
  (compiler le fichier source '/src/GDISFML/main.cpp')
  
C:\Users\33652\Projet\Pignat\EncapsulationGDI-SFML\SFML-2.6.1\include\SFML\Graphics\Rect.inl(117,21): error C2760: erreur de syntaxe : ')' était inattendu ici; ';' attendu
  (compiler le fichier source '/src/GDISFML/main.cpp')
  
C:\Users\33652\Projet\Pignat\EncapsulationGDI-SFML\SFML-2.6.1\include\SFML\Graphics\Rect.inl(117,21): error C3878: erreur de syntaxe : jeton inattendu ')' après 'expression_statement'
  (compiler le fichier source '/src/GDISFML/main.cpp')
  
C:\Users\33652\Projet\Pignat\EncapsulationGDI-SFML\SFML-2.6.1\include\SFML\Graphics\Rect.inl(117,21): message : erreur de récupération ignorée : « ) »
  (compiler le fichier source '/src/GDISFML/main.cpp')
  
C:\Users\33652\Projet\Pignat\EncapsulationGDI-SFML\SFML-2.6.1\include\SFML\Graphics\Rect.inl(120,21): error C2589: '(' : jeton non conforme à droite de '::'
  (compiler le fichier source '/src/GDISFML/main.cpp')
  
C:\Users\33652\Projet\Pignat\EncapsulationGDI-SFML\SFML-2.6.1\include\SFML\Graphics\Rect.inl(120,21): error C2760: erreur de syntaxe : ')' était inattendu ici; ';' attendu
  (compiler le fichier source '/src/GDISFML/main.cpp')
  
C:\Users\33652\Projet\Pignat\EncapsulationGDI-SFML\SFML-2.6.1\include\SFML\Graphics\Rect.inl(120,21): error C3878: erreur de syntaxe : jeton inattendu ')' après 'expression_statement'
  (compiler le fichier source '/src/GDISFML/main.cpp')
  
C:\Users\33652\Projet\Pignat\EncapsulationGDI-SFML\SFML-2.6.1\include\SFML\Graphics\Rect.inl(120,21): message : erreur de récupération ignorée : « ) »
  (compiler le fichier source '/src/GDISFML/main.cpp')
  
C:\Users\33652\Projet\Pignat\EncapsulationGDI-SFML\SFML-2.6.1\include\SFML\Graphics\Rect.inl(121,21): error C2589: '(' : jeton non conforme à droite de '::'
  (compiler le fichier source '/src/GDISFML/main.cpp')
  
C:\Users\33652\Projet\Pignat\EncapsulationGDI-SFML\SFML-2.6.1\include\SFML\Graphics\Rect.inl(121,21): error C2760: erreur de syntaxe : ')' était inattendu ici; ';' attendu
  (compiler le fichier source '/src/GDISFML/main.cpp')
  
C:\Users\33652\Projet\Pignat\EncapsulationGDI-SFML\SFML-2.6.1\include\SFML\Graphics\Rect.inl(121,21): error C3878: erreur de syntaxe : jeton inattendu ')' après 'expression_statement'
  (compiler le fichier source '/src/GDISFML/main.cpp')
  
C:\Users\33652\Projet\Pignat\EncapsulationGDI-SFML\SFML-2.6.1\include\SFML\Graphics\Rect.inl(121,21): message : erreur de récupération ignorée : « ) »
  (compiler le fichier source '/src/GDISFML/main.cpp')
  
C:\Users\33652\Projet\Pignat\EncapsulationGDI-SFML\SFML-2.6.1\include\SFML\Graphics\Rect.inl(122,21): error C2589: '(' : jeton non conforme à droite de '::'
  (compiler le fichier source '/src/GDISFML/main.cpp')
  
C:\Users\33652\Projet\Pignat\EncapsulationGDI-SFML\SFML-2.6.1\include\SFML\Graphics\Rect.inl(122,21): error C2760: erreur de syntaxe : ')' était inattendu ici; ';' attendu
  (compiler le fichier source '/src/GDISFML/main.cpp')
  
C:\Users\33652\Projet\Pignat\EncapsulationGDI-SFML\SFML-2.6.1\include\SFML\Graphics\Rect.inl(122,21): error C3878: erreur de syntaxe : jeton inattendu ')' après 'expression_statement'
  (compiler le fichier source '/src/GDISFML/main.cpp')
  
C:\Users\33652\Projet\Pignat\EncapsulationGDI-SFML\SFML-2.6.1\include\SFML\Graphics\Rect.inl(122,21): message : erreur de récupération ignorée : « ) »
  (compiler le fichier source '/src/GDISFML/main.cpp')
  
C:\Users\33652\Projet\Pignat\EncapsulationGDI-SFML\SFML-2.6.1\include\SFML\Graphics\Rect.inl(123,21): error C2589: '(' : jeton non conforme à droite de '::'
  (compiler le fichier source '/src/GDISFML/main.cpp')
  
C:\Users\33652\Projet\Pignat\EncapsulationGDI-SFML\SFML-2.6.1\include\SFML\Graphics\Rect.inl(123,21): error C2760: erreur de syntaxe : ')' était inattendu ici; ';' attendu
  (compiler le fichier source '/src/GDISFML/main.cpp')
  
C:\Users\33652\Projet\Pignat\EncapsulationGDI-SFML\SFML-2.6.1\include\SFML\Graphics\Rect.inl(123,21): error C3878: erreur de syntaxe : jeton inattendu ')' après 'expression_statement'
  (compiler le fichier source '/src/GDISFML/main.cpp')
  
C:\Users\33652\Projet\Pignat\EncapsulationGDI-SFML\SFML-2.6.1\include\SFML\Graphics\Rect.inl(123,21): message : erreur de récupération ignorée : « ) »
  (compiler le fichier source '/src/GDISFML/main.cpp')
  
C:\Users\33652\Projet\Pignat\EncapsulationGDI-SFML\SFML-2.6.1\include\SFML\Graphics\Rect.inl(126,26): error C2589: '(' : jeton non conforme à droite de '::'
  (compiler le fichier source '/src/GDISFML/main.cpp')
  
C:\Users\33652\Projet\Pignat\EncapsulationGDI-SFML\SFML-2.6.1\include\SFML\Graphics\Rect.inl(126,26): error C2760: erreur de syntaxe : ')' était inattendu ici; ';' attendu
  (compiler le fichier source '/src/GDISFML/main.cpp')
  
C:\Users\33652\Projet\Pignat\EncapsulationGDI-SFML\SFML-2.6.1\include\SFML\Graphics\Rect.inl(126,26): error C3878: erreur de syntaxe : jeton inattendu ')' après 'expression_statement'
  (compiler le fichier source '/src/GDISFML/main.cpp')
  
C:\Users\33652\Projet\Pignat\EncapsulationGDI-SFML\SFML-2.6.1\include\SFML\Graphics\Rect.inl(126,26): message : erreur de récupération ignorée : « ) »
  (compiler le fichier source '/src/GDISFML/main.cpp')
  
C:\Users\33652\Projet\Pignat\EncapsulationGDI-SFML\SFML-2.6.1\include\SFML\Graphics\Rect.inl(127,26): error C2589: '(' : jeton non conforme à droite de '::'
  (compiler le fichier source '/src/GDISFML/main.cpp')
  
C:\Users\33652\Projet\Pignat\EncapsulationGDI-SFML\SFML-2.6.1\include\SFML\Graphics\Rect.inl(127,26): error C2760: erreur de syntaxe : ')' était inattendu ici; ';' attendu
  (compiler le fichier source '/src/GDISFML/main.cpp')
  
C:\Users\33652\Projet\Pignat\EncapsulationGDI-SFML\SFML-2.6.1\include\SFML\Graphics\Rect.inl(127,26): error C3878: erreur de syntaxe : jeton inattendu ')' après 'expression_statement'
  (compiler le fichier source '/src/GDISFML/main.cpp')
  
C:\Users\33652\Projet\Pignat\EncapsulationGDI-SFML\SFML-2.6.1\include\SFML\Graphics\Rect.inl(127,26): message : erreur de récupération ignorée : « ) »
  (compiler le fichier source '/src/GDISFML/main.cpp')
  
C:\Users\33652\Projet\Pignat\EncapsulationGDI-SFML\SFML-2.6.1\include\SFML\Graphics\Rect.inl(128,26): error C2589: '(' : jeton non conforme à droite de '::'
  (compiler le fichier source '/src/GDISFML/main.cpp')
  
C:\Users\33652\Projet\Pignat\EncapsulationGDI-SFML\SFML-2.6.1\include\SFML\Graphics\Rect.inl(128,26): error C2760: erreur de syntaxe : ')' était inattendu ici; ';' attendu
  (compiler le fichier source '/src/GDISFML/main.cpp')
  
C:\Users\33652\Projet\Pignat\EncapsulationGDI-SFML\SFML-2.6.1\include\SFML\Graphics\Rect.inl(128,26): error C3878: erreur de syntaxe : jeton inattendu ')' après 'expression_statement'
  (compiler le fichier source '/src/GDISFML/main.cpp')
  
C:\Users\33652\Projet\Pignat\EncapsulationGDI-SFML\SFML-2.6.1\include\SFML\Graphics\Rect.inl(128,26): message : erreur de récupération ignorée : « ) »
  (compiler le fichier source '/src/GDISFML/main.cpp')
  
C:\Users\33652\Projet\Pignat\EncapsulationGDI-SFML\SFML-2.6.1\include\SFML\Graphics\Rect.inl(129,26): error C2589: '(' : jeton non conforme à droite de '::'
  (compiler le fichier source '/src/GDISFML/main.cpp')
  
C:\Users\33652\Projet\Pignat\EncapsulationGDI-SFML\SFML-2.6.1\include\SFML\Graphics\Rect.inl(129,26): error C2760: erreur de syntaxe : ')' était inattendu ici; ';' attendu
  (compiler le fichier source '/src/GDISFML/main.cpp')
  
C:\Users\33652\Projet\Pignat\EncapsulationGDI-SFML\SFML-2.6.1\include\SFML\Graphics\Rect.inl(129,26): error C3878: erreur de syntaxe : jeton inattendu ')' après 'expression_statement'
  (compiler le fichier source '/src/GDISFML/main.cpp')
  
C:\Users\33652\Projet\Pignat\EncapsulationGDI-SFML\SFML-2.6.1\include\SFML\Graphics\Rect.inl(129,26): message : erreur de récupération ignorée : « ) »
  (compiler le fichier source '/src/GDISFML/main.cpp')
  
C:\Users\33652\Projet\Pignat\EncapsulationGDI-SFML\src\GDISFML\Ennemy.hpp(35,33): warning C4244: 'argument' : conversion de 'double' en 'float', perte possible de données
  (compiler le fichier source '/src/GDISFML/main.cpp')
  
  RenderInterface.cpp
  Texture.cpp
  Transition.cpp
C:\Users\33652\Projet\Pignat\EncapsulationGDI-SFML\SFML-2.6.1\include\SFML\Graphics\Rect.inl(81,19): error C2589: '(' : jeton non conforme à droite de '::'
  (compiler le fichier source '/src/GDISFML/Transition.cpp')
  
C:\Users\33652\Projet\Pignat\EncapsulationGDI-SFML\SFML-2.6.1\include\SFML\Graphics\Rect.inl(81,19): error C2760: erreur de syntaxe : ')' était inattendu ici; ';' attendu
  (compiler le fichier source '/src/GDISFML/Transition.cpp')
  
C:\Users\33652\Projet\Pignat\EncapsulationGDI-SFML\SFML-2.6.1\include\SFML\Graphics\Rect.inl(81,19): error C3878: erreur de syntaxe : jeton inattendu ')' après 'expression_statement'
  (compiler le fichier source '/src/GDISFML/Transition.cpp')
  
C:\Users\33652\Projet\Pignat\EncapsulationGDI-SFML\SFML-2.6.1\include\SFML\Graphics\Rect.inl(81,19): message : erreur de récupération ignorée : « ) »
  (compiler le fichier source '/src/GDISFML/Transition.cpp')
  
C:\Users\33652\Projet\Pignat\EncapsulationGDI-SFML\SFML-2.6.1\include\SFML\Graphics\Rect.inl(82,19): error C2589: '(' : jeton non conforme à droite de '::'
  (compiler le fichier source '/src/GDISFML/Transition.cpp')
  
C:\Users\33652\Projet\Pignat\EncapsulationGDI-SFML\SFML-2.6.1\include\SFML\Graphics\Rect.inl(82,19): error C2760: erreur de syntaxe : ')' était inattendu ici; ';' attendu
  (compiler le fichier source '/src/GDISFML/Transition.cpp')
  
C:\Users\33652\Projet\Pignat\EncapsulationGDI-SFML\SFML-2.6.1\include\SFML\Graphics\Rect.inl(82,19): error C3878: erreur de syntaxe : jeton inattendu ')' après 'expression_statement'
  (compiler le fichier source '/src/GDISFML/Transition.cpp')
  
C:\Users\33652\Projet\Pignat\EncapsulationGDI-SFML\SFML-2.6.1\include\SFML\Graphics\Rect.inl(82,19): message : erreur de récupération ignorée : « ) »
  (compiler le fichier source '/src/GDISFML/Transition.cpp')
  
C:\Users\33652\Projet\Pignat\EncapsulationGDI-SFML\SFML-2.6.1\include\SFML\Graphics\Rect.inl(83,19): error C2589: '(' : jeton non conforme à droite de '::'
  (compiler le fichier source '/src/GDISFML/Transition.cpp')
  
C:\Users\33652\Projet\Pignat\EncapsulationGDI-SFML\SFML-2.6.1\include\SFML\Graphics\Rect.inl(83,19): error C2760: erreur de syntaxe : ')' était inattendu ici; ';' attendu
  (compiler le fichier source '/src/GDISFML/Transition.cpp')
  
C:\Users\33652\Projet\Pignat\EncapsulationGDI-SFML\SFML-2.6.1\include\SFML\Graphics\Rect.inl(83,19): error C3878: erreur de syntaxe : jeton inattendu ')' après 'expression_statement'
  (compiler le fichier source '/src/GDISFML/Transition.cpp')
  
C:\Users\33652\Projet\Pignat\EncapsulationGDI-SFML\SFML-2.6.1\include\SFML\Graphics\Rect.inl(83,19): message : erreur de récupération ignorée : « ) »
  (compiler le fichier source '/src/GDISFML/Transition.cpp')
  
C:\Users\33652\Projet\Pignat\EncapsulationGDI-SFML\SFML-2.6.1\include\SFML\Graphics\Rect.inl(84,19): error C2589: '(' : jeton non conforme à droite de '::'
  (compiler le fichier source '/src/GDISFML/Transition.cpp')
  
C:\Users\33652\Projet\Pignat\EncapsulationGDI-SFML\SFML-2.6.1\include\SFML\Graphics\Rect.inl(84,19): error C2760: erreur de syntaxe : ')' était inattendu ici; ';' attendu
  (compiler le fichier source '/src/GDISFML/Transition.cpp')
  
C:\Users\33652\Projet\Pignat\EncapsulationGDI-SFML\SFML-2.6.1\include\SFML\Graphics\Rect.inl(84,19): error C3878: erreur de syntaxe : jeton inattendu ')' après 'expression_statement'
  (compiler le fichier source '/src/GDISFML/Transition.cpp')
  
C:\Users\33652\Projet\Pignat\EncapsulationGDI-SFML\SFML-2.6.1\include\SFML\Graphics\Rect.inl(84,19): message : erreur de récupération ignorée : « ) »
  (compiler le fichier source '/src/GDISFML/Transition.cpp')
  
C:\Users\33652\Projet\Pignat\EncapsulationGDI-SFML\SFML-2.6.1\include\SFML\Graphics\Rect.inl(114,21): error C2589: '(' : jeton non conforme à droite de '::'
  (compiler le fichier source '/src/GDISFML/Transition.cpp')
  
C:\Users\33652\Projet\Pignat\EncapsulationGDI-SFML\SFML-2.6.1\include\SFML\Graphics\Rect.inl(114,21): error C2760: erreur de syntaxe : ')' était inattendu ici; ';' attendu
  (compiler le fichier source '/src/GDISFML/Transition.cpp')
  
C:\Users\33652\Projet\Pignat\EncapsulationGDI-SFML\SFML-2.6.1\include\SFML\Graphics\Rect.inl(114,21): error C3878: erreur de syntaxe : jeton inattendu ')' après 'expression_statement'
  (compiler le fichier source '/src/GDISFML/Transition.cpp')
  
C:\Users\33652\Projet\Pignat\EncapsulationGDI-SFML\SFML-2.6.1\include\SFML\Graphics\Rect.inl(114,21): message : erreur de récupération ignorée : « ) »
  (compiler le fichier source '/src/GDISFML/Transition.cpp')
  
C:\Users\33652\Projet\Pignat\EncapsulationGDI-SFML\SFML-2.6.1\include\SFML\Graphics\Rect.inl(115,21): error C2589: '(' : jeton non conforme à droite de '::'
  (compiler le fichier source '/src/GDISFML/Transition.cpp')
  
C:\Users\33652\Projet\Pignat\EncapsulationGDI-SFML\SFML-2.6.1\include\SFML\Graphics\Rect.inl(115,21): error C2760: erreur de syntaxe : ')' était inattendu ici; ';' attendu
  (compiler le fichier source '/src/GDISFML/Transition.cpp')
  
C:\Users\33652\Projet\Pignat\EncapsulationGDI-SFML\SFML-2.6.1\include\SFML\Graphics\Rect.inl(115,21): error C3878: erreur de syntaxe : jeton inattendu ')' après 'expression_statement'
  (compiler le fichier source '/src/GDISFML/Transition.cpp')
  
C:\Users\33652\Projet\Pignat\EncapsulationGDI-SFML\SFML-2.6.1\include\SFML\Graphics\Rect.inl(115,21): message : erreur de récupération ignorée : « ) »
  (compiler le fichier source '/src/GDISFML/Transition.cpp')
  
C:\Users\33652\Projet\Pignat\EncapsulationGDI-SFML\SFML-2.6.1\include\SFML\Graphics\Rect.inl(116,21): error C2589: '(' : jeton non conforme à droite de '::'
  (compiler le fichier source '/src/GDISFML/Transition.cpp')
  
C:\Users\33652\Projet\Pignat\EncapsulationGDI-SFML\SFML-2.6.1\include\SFML\Graphics\Rect.inl(116,21): error C2760: erreur de syntaxe : ')' était inattendu ici; ';' attendu
  (compiler le fichier source '/src/GDISFML/Transition.cpp')
  
C:\Users\33652\Projet\Pignat\EncapsulationGDI-SFML\SFML-2.6.1\include\SFML\Graphics\Rect.inl(116,21): error C3878: erreur de syntaxe : jeton inattendu ')' après 'expression_statement'
  (compiler le fichier source '/src/GDISFML/Transition.cpp')
  
C:\Users\33652\Projet\Pignat\EncapsulationGDI-SFML\SFML-2.6.1\include\SFML\Graphics\Rect.inl(116,21): message : erreur de récupération ignorée : « ) »
  (compiler le fichier source '/src/GDISFML/Transition.cpp')
  
C:\Users\33652\Projet\Pignat\EncapsulationGDI-SFML\SFML-2.6.1\include\SFML\Graphics\Rect.inl(117,21): error C2589: '(' : jeton non conforme à droite de '::'
  (compiler le fichier source '/src/GDISFML/Transition.cpp')
  
C:\Users\33652\Projet\Pignat\EncapsulationGDI-SFML\SFML-2.6.1\include\SFML\Graphics\Rect.inl(117,21): error C2760: erreur de syntaxe : ')' était inattendu ici; ';' attendu
  (compiler le fichier source '/src/GDISFML/Transition.cpp')
  
C:\Users\33652\Projet\Pignat\EncapsulationGDI-SFML\SFML-2.6.1\include\SFML\Graphics\Rect.inl(117,21): error C3878: erreur de syntaxe : jeton inattendu ')' après 'expression_statement'
  (compiler le fichier source '/src/GDISFML/Transition.cpp')
  
C:\Users\33652\Projet\Pignat\EncapsulationGDI-SFML\SFML-2.6.1\include\SFML\Graphics\Rect.inl(117,21): message : erreur de récupération ignorée : « ) »
  (compiler le fichier source '/src/GDISFML/Transition.cpp')
  
C:\Users\33652\Projet\Pignat\EncapsulationGDI-SFML\SFML-2.6.1\include\SFML\Graphics\Rect.inl(120,21): error C2589: '(' : jeton non conforme à droite de '::'
  (compiler le fichier source '/src/GDISFML/Transition.cpp')
  
C:\Users\33652\Projet\Pignat\EncapsulationGDI-SFML\SFML-2.6.1\include\SFML\Graphics\Rect.inl(120,21): error C2760: erreur de syntaxe : ')' était inattendu ici; ';' attendu
  (compiler le fichier source '/src/GDISFML/Transition.cpp')
  
C:\Users\33652\Projet\Pignat\EncapsulationGDI-SFML\SFML-2.6.1\include\SFML\Graphics\Rect.inl(120,21): error C3878: erreur de syntaxe : jeton inattendu ')' après 'expression_statement'
  (compiler le fichier source '/src/GDISFML/Transition.cpp')
  
C:\Users\33652\Projet\Pignat\EncapsulationGDI-SFML\SFML-2.6.1\include\SFML\Graphics\Rect.inl(120,21): message : erreur de récupération ignorée : « ) »
  (compiler le fichier source '/src/GDISFML/Transition.cpp')
  
C:\Users\33652\Projet\Pignat\EncapsulationGDI-SFML\SFML-2.6.1\include\SFML\Graphics\Rect.inl(121,21): error C2589: '(' : jeton non conforme à droite de '::'
  (compiler le fichier source '/src/GDISFML/Transition.cpp')
  
C:\Users\33652\Projet\Pignat\EncapsulationGDI-SFML\SFML-2.6.1\include\SFML\Graphics\Rect.inl(121,21): error C2760: erreur de syntaxe : ')' était inattendu ici; ';' attendu
  (compiler le fichier source '/src/GDISFML/Transition.cpp')
  
C:\Users\33652\Projet\Pignat\EncapsulationGDI-SFML\SFML-2.6.1\include\SFML\Graphics\Rect.inl(121,21): error C3878: erreur de syntaxe : jeton inattendu ')' après 'expression_statement'
  (compiler le fichier source '/src/GDISFML/Transition.cpp')
  
C:\Users\33652\Projet\Pignat\EncapsulationGDI-SFML\SFML-2.6.1\include\SFML\Graphics\Rect.inl(121,21): message : erreur de récupération ignorée : « ) »
  (compiler le fichier source '/src/GDISFML/Transition.cpp')
  
C:\Users\33652\Projet\Pignat\EncapsulationGDI-SFML\SFML-2.6.1\include\SFML\Graphics\Rect.inl(122,21): error C2589: '(' : jeton non conforme à droite de '::'
  (compiler le fichier source '/src/GDISFML/Transition.cpp')
  
C:\Users\33652\Projet\Pignat\EncapsulationGDI-SFML\SFML-2.6.1\include\SFML\Graphics\Rect.inl(122,21): error C2760: erreur de syntaxe : ')' était inattendu ici; ';' attendu
  (compiler le fichier source '/src/GDISFML/Transition.cpp')
  
C:\Users\33652\Projet\Pignat\EncapsulationGDI-SFML\SFML-2.6.1\include\SFML\Graphics\Rect.inl(122,21): error C3878: erreur de syntaxe : jeton inattendu ')' après 'expression_statement'
  (compiler le fichier source '/src/GDISFML/Transition.cpp')
  
C:\Users\33652\Projet\Pignat\EncapsulationGDI-SFML\SFML-2.6.1\include\SFML\Graphics\Rect.inl(122,21): message : erreur de récupération ignorée : « ) »
  (compiler le fichier source '/src/GDISFML/Transition.cpp')
  
C:\Users\33652\Projet\Pignat\EncapsulationGDI-SFML\SFML-2.6.1\include\SFML\Graphics\Rect.inl(123,21): error C2589: '(' : jeton non conforme à droite de '::'
  (compiler le fichier source '/src/GDISFML/Transition.cpp')
  
C:\Users\33652\Projet\Pignat\EncapsulationGDI-SFML\SFML-2.6.1\include\SFML\Graphics\Rect.inl(123,21): error C2760: erreur de syntaxe : ')' était inattendu ici; ';' attendu
  (compiler le fichier source '/src/GDISFML/Transition.cpp')
  
C:\Users\33652\Projet\Pignat\EncapsulationGDI-SFML\SFML-2.6.1\include\SFML\Graphics\Rect.inl(123,21): error C3878: erreur de syntaxe : jeton inattendu ')' après 'expression_statement'
  (compiler le fichier source '/src/GDISFML/Transition.cpp')
  
C:\Users\33652\Projet\Pignat\EncapsulationGDI-SFML\SFML-2.6.1\include\SFML\Graphics\Rect.inl(123,21): message : erreur de récupération ignorée : « ) »
  (compiler le fichier source '/src/GDISFML/Transition.cpp')
  
C:\Users\33652\Projet\Pignat\EncapsulationGDI-SFML\SFML-2.6.1\include\SFML\Graphics\Rect.inl(126,26): error C2589: '(' : jeton non conforme à droite de '::'
  (compiler le fichier source '/src/GDISFML/Transition.cpp')
  
C:\Users\33652\Projet\Pignat\EncapsulationGDI-SFML\SFML-2.6.1\include\SFML\Graphics\Rect.inl(126,26): error C2760: erreur de syntaxe : ')' était inattendu ici; ';' attendu
  (compiler le fichier source '/src/GDISFML/Transition.cpp')
  
C:\Users\33652\Projet\Pignat\EncapsulationGDI-SFML\SFML-2.6.1\include\SFML\Graphics\Rect.inl(126,26): error C3878: erreur de syntaxe : jeton inattendu ')' après 'expression_statement'
  (compiler le fichier source '/src/GDISFML/Transition.cpp')
  
C:\Users\33652\Projet\Pignat\EncapsulationGDI-SFML\SFML-2.6.1\include\SFML\Graphics\Rect.inl(126,26): message : erreur de récupération ignorée : « ) »
  (compiler le fichier source '/src/GDISFML/Transition.cpp')
  
C:\Users\33652\Projet\Pignat\EncapsulationGDI-SFML\SFML-2.6.1\include\SFML\Graphics\Rect.inl(127,26): error C2589: '(' : jeton non conforme à droite de '::'
  (compiler le fichier source '/src/GDISFML/Transition.cpp')
  
C:\Users\33652\Projet\Pignat\EncapsulationGDI-SFML\SFML-2.6.1\include\SFML\Graphics\Rect.inl(127,26): error C2760: erreur de syntaxe : ')' était inattendu ici; ';' attendu
  (compiler le fichier source '/src/GDISFML/Transition.cpp')
  
C:\Users\33652\Projet\Pignat\EncapsulationGDI-SFML\SFML-2.6.1\include\SFML\Graphics\Rect.inl(127,26): error C3878: erreur de syntaxe : jeton inattendu ')' après 'expression_statement'
  (compiler le fichier source '/src/GDISFML/Transition.cpp')
  
C:\Users\33652\Projet\Pignat\EncapsulationGDI-SFML\SFML-2.6.1\include\SFML\Graphics\Rect.inl(127,26): message : erreur de récupération ignorée : « ) »
  (compiler le fichier source '/src/GDISFML/Transition.cpp')
  
C:\Users\33652\Projet\Pignat\EncapsulationGDI-SFML\SFML-2.6.1\include\SFML\Graphics\Rect.inl(128,26): error C2589: '(' : jeton non conforme à droite de '::'
  (compiler le fichier source '/src/GDISFML/Transition.cpp')
  
C:\Users\33652\Projet\Pignat\EncapsulationGDI-SFML\SFML-2.6.1\include\SFML\Graphics\Rect.inl(128,26): error C2760: erreur de syntaxe : ')' était inattendu ici; ';' attendu
  (compiler le fichier source '/src/GDISFML/Transition.cpp')
  
C:\Users\33652\Projet\Pignat\EncapsulationGDI-SFML\SFML-2.6.1\include\SFML\Graphics\Rect.inl(128,26): error C3878: erreur de syntaxe : jeton inattendu ')' après 'expression_statement'
  (compiler le fichier source '/src/GDISFML/Transition.cpp')
  
C:\Users\33652\Projet\Pignat\EncapsulationGDI-SFML\SFML-2.6.1\include\SFML\Graphics\Rect.inl(128,26): message : erreur de récupération ignorée : « ) »
  (compiler le fichier source '/src/GDISFML/Transition.cpp')
  
C:\Users\33652\Projet\Pignat\EncapsulationGDI-SFML\SFML-2.6.1\include\SFML\Graphics\Rect.inl(129,26): error C2589: '(' : jeton non conforme à droite de '::'
  (compiler le fichier source '/src/GDISFML/Transition.cpp')
  
C:\Users\33652\Projet\Pignat\EncapsulationGDI-SFML\SFML-2.6.1\include\SFML\Graphics\Rect.inl(129,26): error C2760: erreur de syntaxe : ')' était inattendu ici; ';' attendu
  (compiler le fichier source '/src/GDISFML/Transition.cpp')
  
C:\Users\33652\Projet\Pignat\EncapsulationGDI-SFML\SFML-2.6.1\include\SFML\Graphics\Rect.inl(129,26): error C3878: erreur de syntaxe : jeton inattendu ')' après 'expression_statement'
  (compiler le fichier source '/src/GDISFML/Transition.cpp')
  
C:\Users\33652\Projet\Pignat\EncapsulationGDI-SFML\SFML-2.6.1\include\SFML\Graphics\Rect.inl(129,26): message : erreur de récupération ignorée : « ) »
  (compiler le fichier source '/src/GDISFML/Transition.cpp')
  
  Génération de code en cours...
