c:\users\benjaminbenon\documents\github\encapsulationgdi-sfml\ide\vs\gdisfml\build\sfml debug\intermediate\gdisfml.pch
c:\users\benjaminbenon\documents\github\encapsulationgdi-sfml\ide\vs\gdisfml\build\sfml debug\intermediate\vc143.pdb
c:\users\benjaminbenon\documents\github\encapsulationgdi-sfml\ide\vs\gdisfml\build\sfml debug\intermediate\vc143.idb
c:\users\benjaminbenon\documents\github\encapsulationgdi-sfml\ide\vs\gdisfml\build\sfml debug\intermediate\pch.obj
c:\users\benjaminbenon\documents\github\encapsulationgdi-sfml\ide\vs\gdisfml\build\sfml debug\intermediate\texture.obj
c:\users\benjaminbenon\documents\github\encapsulationgdi-sfml\ide\vs\gdisfml\build\sfml debug\intermediate\text.obj
c:\users\benjaminbenon\documents\github\encapsulationgdi-sfml\ide\vs\gdisfml\build\sfml debug\intermediate\surface.obj
c:\users\benjaminbenon\documents\github\encapsulationgdi-sfml\ide\vs\gdisfml\build\sfml debug\intermediate\sfmlwindow.obj
c:\users\benjaminbenon\documents\github\encapsulationgdi-sfml\ide\vs\gdisfml\build\sfml debug\intermediate\sfmltexture.obj
c:\users\benjaminbenon\documents\github\encapsulationgdi-sfml\ide\vs\gdisfml\build\sfml debug\intermediate\sfmlsurface.obj
c:\users\benjaminbenon\documents\github\encapsulationgdi-sfml\ide\vs\gdisfml\build\sfml debug\intermediate\sfmlrenderer.obj
c:\users\benjaminbenon\documents\github\encapsulationgdi-sfml\ide\vs\gdisfml\build\sfml debug\intermediate\sfmlfont.obj
c:\users\benjaminbenon\documents\github\encapsulationgdi-sfml\ide\vs\gdisfml\build\sfml debug\intermediate\renderinterface.obj
c:\users\benjaminbenon\documents\github\encapsulationgdi-sfml\ide\vs\gdisfml\build\sfml debug\intermediate\main.obj
c:\users\benjaminbenon\documents\github\encapsulationgdi-sfml\ide\vs\gdisfml\build\sfml debug\intermediate\gdiwindow.obj
c:\users\benjaminbenon\documents\github\encapsulationgdi-sfml\ide\vs\gdisfml\build\sfml debug\intermediate\gditexture.obj
c:\users\benjaminbenon\documents\github\encapsulationgdi-sfml\ide\vs\gdisfml\build\sfml debug\intermediate\gdisurface.obj
c:\users\benjaminbenon\documents\github\encapsulationgdi-sfml\ide\vs\gdisfml\build\sfml debug\intermediate\gdirenderer.obj
c:\users\benjaminbenon\documents\github\encapsulationgdi-sfml\ide\vs\gdisfml\build\sfml debug\intermediate\gdifont.obj
c:\users\benjaminbenon\documents\github\encapsulationgdi-sfml\ide\vs\gdisfml\build\sfml debug\intermediate\font.obj
c:\users\benjaminbenon\documents\github\encapsulationgdi-sfml\ide\vs\gdisfml\build\sfml debug\intermediate\bouncingball.obj
c:\users\benjaminbenon\documents\github\encapsulationgdi-sfml\ide\vs\gdisfml\build\sfml debug\intermediate\bitmaptexture.obj
c:\users\benjaminbenon\documents\github\encapsulationgdi-sfml\ide\vs\gdisfml\build\sfml debug\intermediate\behaviour.obj
c:\users\benjaminbenon\documents\github\encapsulationgdi-sfml\ide\vs\gdisfml\build\sfml debug\intermediate\app.obj
c:\users\benjaminbenon\documents\github\encapsulationgdi-sfml\ide\vs\gdisfml\build\sfml debug\intermediate\window.obj
c:\users\benjaminbenon\documents\github\encapsulationgdi-sfml\ide\vs\gdisfml\build\sfml debug\intermediate\transition.obj
c:\users\benjaminbenon\documents\github\encapsulationgdi-sfml\ide\vs\gdisfml\build\sfml debug\gdisfml.exe
c:\users\benjaminbenon\documents\github\encapsulationgdi-sfml\ide\vs\gdisfml\build\sfml debug\gdisfml.pdb
c:\users\benjaminbenon\documents\github\encapsulationgdi-sfml\ide\vs\gdisfml\build\sfml debug\intermediate\gdisfml.ilk
c:\users\benjaminbenon\documents\github\encapsulationgdi-sfml\ide\vs\gdisfml\build\sfml debug\intermediate\main.obj.enc
c:\users\benjaminbenon\documents\github\encapsulationgdi-sfml\ide\vs\gdisfml\build\sfml debug\intermediate\gdisfml.vcxproj.filelistabsolute.txt
c:\users\benjaminbenon\documents\github\encapsulationgdi-sfml\ide\vs\gdisfml\build\sfml debug\intermediate\gdisfml.tlog\cl.command.1.tlog
c:\users\benjaminbenon\documents\github\encapsulationgdi-sfml\ide\vs\gdisfml\build\sfml debug\intermediate\gdisfml.tlog\cl.items.tlog
c:\users\benjaminbenon\documents\github\encapsulationgdi-sfml\ide\vs\gdisfml\build\sfml debug\intermediate\gdisfml.tlog\cl.read.1.tlog
c:\users\benjaminbenon\documents\github\encapsulationgdi-sfml\ide\vs\gdisfml\build\sfml debug\intermediate\gdisfml.tlog\cl.write.1.tlog
c:\users\benjaminbenon\documents\github\encapsulationgdi-sfml\ide\vs\gdisfml\build\sfml debug\intermediate\gdisfml.tlog\link.command.1.tlog
c:\users\benjaminbenon\documents\github\encapsulationgdi-sfml\ide\vs\gdisfml\build\sfml debug\intermediate\gdisfml.tlog\link.read.1.tlog
c:\users\benjaminbenon\documents\github\encapsulationgdi-sfml\ide\vs\gdisfml\build\sfml debug\intermediate\gdisfml.tlog\link.secondary.1.tlog
c:\users\benjaminbenon\documents\github\encapsulationgdi-sfml\ide\vs\gdisfml\build\sfml debug\intermediate\gdisfml.tlog\link.write.1.tlog
